TN:
SF:src/app.ts
FN:58,(anonymous_1)
FNF:1
FNH:0
FNDA:0,(anonymous_1)
DA:1,0
DA:2,0
DA:3,0
DA:4,0
DA:5,0
DA:6,0
DA:7,0
DA:8,0
DA:9,0
DA:10,0
DA:11,0
DA:12,0
DA:13,0
DA:15,0
DA:17,0
DA:20,0
DA:23,0
DA:26,0
DA:27,0
DA:31,0
DA:32,0
DA:35,0
DA:39,0
DA:42,0
DA:43,0
DA:44,0
DA:45,0
DA:46,0
DA:48,0
DA:51,0
DA:52,0
DA:53,0
DA:56,0
DA:58,0
DA:59,0
LF:35
LH:0
BRDA:31,0,0,0
BRDA:31,0,1,0
BRDA:51,1,0,0
BRDA:51,2,0,0
BRDA:51,2,1,0
BRDA:56,3,0,0
BRDA:56,3,1,0
BRF:7
BRH:0
end_of_record
TN:
SF:src/config/db.ts
FN:6,(anonymous_8)
FN:6,(anonymous_9)
FNF:2
FNH:0
FNDA:0,(anonymous_8)
FNDA:0,(anonymous_9)
DA:1,0
DA:2,0
DA:4,0
DA:6,0
DA:7,0
DA:8,0
DA:9,0
DA:11,0
DA:12,0
DA:16,0
LF:10
LH:0
BRF:0
BRH:0
end_of_record
TN:
SF:src/controllers/orderController.ts
FN:8,(anonymous_8)
FN:8,(anonymous_9)
FN:49,(anonymous_10)
FN:49,(anonymous_11)
FN:81,(anonymous_12)
FN:81,(anonymous_13)
FN:99,(anonymous_14)
FN:99,(anonymous_15)
FN:124,(anonymous_16)
FN:124,(anonymous_17)
FN:165,(anonymous_18)
FN:165,(anonymous_19)
FNF:12
FNH:0
FNDA:0,(anonymous_8)
FNDA:0,(anonymous_9)
FNDA:0,(anonymous_10)
FNDA:0,(anonymous_11)
FNDA:0,(anonymous_12)
FNDA:0,(anonymous_13)
FNDA:0,(anonymous_14)
FNDA:0,(anonymous_15)
FNDA:0,(anonymous_16)
FNDA:0,(anonymous_17)
FNDA:0,(anonymous_18)
FNDA:0,(anonymous_19)
DA:2,0
DA:3,0
DA:8,0
DA:9,0
DA:17,0
DA:19,0
DA:20,0
DA:21,0
DA:24,0
DA:25,0
DA:26,0
DA:29,0
DA:39,0
DA:41,0
DA:42,0
DA:49,0
DA:50,0
DA:51,0
DA:53,0
DA:54,0
DA:55,0
DA:59,0
DA:60,0
DA:61,0
DA:64,0
DA:66,0
DA:67,0
DA:68,0
DA:71,0
DA:73,0
DA:74,0
DA:81,0
DA:82,0
DA:83,0
DA:84,0
DA:85,0
DA:88,0
DA:89,0
DA:91,0
DA:92,0
DA:99,0
DA:100,0
DA:101,0
DA:102,0
DA:103,0
DA:106,0
DA:108,0
DA:109,0
DA:110,0
DA:113,0
DA:114,0
DA:116,0
DA:117,0
DA:124,0
DA:125,0
DA:126,0
DA:128,0
DA:129,0
DA:130,0
DA:133,0
DA:135,0
DA:136,0
DA:137,0
DA:140,0
DA:142,0
DA:143,0
DA:144,0
DA:147,0
DA:149,0
DA:150,0
DA:151,0
DA:154,0
DA:155,0
DA:157,0
DA:158,0
DA:165,0
DA:166,0
DA:167,0
DA:168,0
DA:169,0
DA:172,0
DA:174,0
DA:175,0
DA:176,0
DA:179,0
DA:181,0
DA:182,0
DA:183,0
DA:186,0
DA:187,0
DA:188,0
DA:190,0
DA:191,0
DA:193,0
DA:194,0
LF:95
LH:0
BRDA:19,0,0,0
BRDA:24,1,0,0
BRDA:24,2,0,0
BRDA:24,2,1,0
BRDA:53,3,0,0
BRDA:59,4,0,0
BRDA:66,5,0,0
BRDA:66,6,0,0
BRDA:66,6,1,0
BRDA:66,7,0,0
BRDA:66,7,1,0
BRDA:66,8,0,0
BRDA:66,8,1,0
BRDA:83,9,0,0
BRDA:101,10,0,0
BRDA:108,11,0,0
BRDA:108,12,0,0
BRDA:108,12,1,0
BRDA:108,13,0,0
BRDA:108,13,1,0
BRDA:128,14,0,0
BRDA:135,15,0,0
BRDA:135,16,0,0
BRDA:135,16,1,0
BRDA:135,17,0,0
BRDA:135,17,1,0
BRDA:142,18,0,0
BRDA:149,19,0,0
BRDA:167,20,0,0
BRDA:174,21,0,0
BRDA:174,22,0,0
BRDA:174,22,1,0
BRDA:174,23,0,0
BRDA:174,23,1,0
BRDA:181,24,0,0
BRF:35
BRH:0
end_of_record
TN:
SF:src/controllers/paymentController.ts
FN:14,(anonymous_8)
FN:14,(anonymous_9)
FN:24,(anonymous_10)
FN:24,(anonymous_11)
FN:34,(anonymous_12)
FN:34,(anonymous_13)
FN:44,(anonymous_14)
FN:44,(anonymous_15)
FN:62,(anonymous_16)
FN:62,(anonymous_17)
FN:72,(anonymous_18)
FN:77,(anonymous_19)
FN:109,(anonymous_20)
FN:109,(anonymous_21)
FN:176,(anonymous_22)
FN:217,(anonymous_23)
FN:217,(anonymous_24)
FN:271,(anonymous_25)
FN:322,(anonymous_26)
FN:322,(anonymous_27)
FN:375,(anonymous_28)
FNF:21
FNH:0
FNDA:0,(anonymous_8)
FNDA:0,(anonymous_9)
FNDA:0,(anonymous_10)
FNDA:0,(anonymous_11)
FNDA:0,(anonymous_12)
FNDA:0,(anonymous_13)
FNDA:0,(anonymous_14)
FNDA:0,(anonymous_15)
FNDA:0,(anonymous_16)
FNDA:0,(anonymous_17)
FNDA:0,(anonymous_18)
FNDA:0,(anonymous_19)
FNDA:0,(anonymous_20)
FNDA:0,(anonymous_21)
FNDA:0,(anonymous_22)
FNDA:0,(anonymous_23)
FNDA:0,(anonymous_24)
FNDA:0,(anonymous_25)
FNDA:0,(anonymous_26)
FNDA:0,(anonymous_27)
FNDA:0,(anonymous_28)
DA:2,0
DA:3,0
DA:4,0
DA:5,0
DA:11,0
DA:14,0
DA:15,0
DA:16,0
DA:17,0
DA:19,0
DA:20,0
DA:24,0
DA:25,0
DA:26,0
DA:27,0
DA:29,0
DA:30,0
DA:34,0
DA:35,0
DA:36,0
DA:37,0
DA:39,0
DA:40,0
DA:44,0
DA:45,0
DA:46,0
DA:47,0
DA:49,0
DA:50,0
DA:54,0
DA:55,0
DA:58,0
DA:62,0
DA:63,0
DA:64,0
DA:66,0
DA:67,0
DA:68,0
DA:71,0
DA:72,0
DA:77,0
DA:90,0
DA:102,0
DA:104,0
DA:105,0
DA:109,0
DA:114,0
DA:115,0
DA:117,0
DA:118,0
DA:119,0
DA:122,0
DA:128,0
DA:129,0
DA:130,0
DA:135,0
DA:136,0
DA:137,0
DA:139,0
DA:140,0
DA:141,0
DA:146,0
DA:148,0
DA:151,0
DA:152,0
DA:154,0
DA:156,0
DA:157,0
DA:158,0
DA:162,0
DA:163,0
DA:164,0
DA:165,0
DA:166,0
DA:167,0
DA:170,0
DA:174,0
DA:177,0
DA:178,0
DA:206,0
DA:209,0
DA:211,0
DA:214,0
DA:217,0
DA:218,0
DA:219,0
DA:221,0
DA:224,0
DA:225,0
DA:226,0
DA:227,0
DA:230,0
DA:232,0
DA:233,0
DA:234,0
DA:240,0
DA:244,0
DA:253,0
DA:254,0
DA:256,0
DA:257,0
DA:259,0
DA:260,0
DA:261,0
DA:262,0
DA:263,0
DA:266,0
DA:269,0
DA:272,0
DA:273,0
DA:302,0
DA:304,0
DA:307,0
DA:311,0
DA:316,0
DA:317,0
DA:322,0
DA:323,0
DA:324,0
DA:325,0
DA:328,0
DA:329,0
DA:331,0
DA:332,0
DA:333,0
DA:336,0
DA:339,0
DA:347,0
DA:349,0
DA:351,0
DA:353,0
DA:354,0
DA:355,0
DA:360,0
DA:363,0
DA:364,0
DA:365,0
DA:366,0
DA:367,0
DA:370,0
DA:373,0
DA:376,0
DA:377,0
DA:406,0
DA:408,0
DA:413,0
DA:419,0
DA:420,0
LF:148
LH:0
BRDA:17,0,0,0
BRDA:17,0,1,0
BRDA:17,1,0,0
BRDA:17,1,1,0
BRDA:17,2,0,0
BRDA:17,2,1,0
BRDA:27,3,0,0
BRDA:27,3,1,0
BRDA:27,4,0,0
BRDA:27,4,1,0
BRDA:27,5,0,0
BRDA:27,5,1,0
BRDA:37,6,0,0
BRDA:37,6,1,0
BRDA:37,7,0,0
BRDA:37,7,1,0
BRDA:37,8,0,0
BRDA:37,8,1,0
BRDA:47,9,0,0
BRDA:47,9,1,0
BRDA:47,10,0,0
BRDA:47,10,1,0
BRDA:47,11,0,0
BRDA:47,11,1,0
BRDA:54,12,0,0
BRDA:66,13,0,0
BRDA:66,14,0,0
BRDA:66,14,1,0
BRDA:97,15,0,0
BRDA:97,15,1,0
BRDA:114,16,0,0
BRDA:114,16,1,0
BRDA:118,17,0,0
BRDA:146,18,0,0
BRDA:146,18,1,0
BRDA:151,19,0,0
BRDA:151,20,0,0
BRDA:151,20,1,0
BRDA:151,21,0,0
BRDA:151,21,1,0
BRDA:151,22,0,0
BRDA:151,22,1,0
BRDA:156,23,0,0
BRDA:165,24,0,0
BRDA:165,25,0,0
BRDA:165,25,1,0
BRDA:165,26,0,0
BRDA:165,26,1,0
BRDA:177,27,0,0
BRDA:177,27,1,0
BRDA:179,28,0,0
BRDA:179,28,1,0
BRDA:180,29,0,0
BRDA:180,29,1,0
BRDA:181,30,0,0
BRDA:181,30,1,0
BRDA:186,31,0,0
BRDA:186,31,1,0
BRDA:187,32,0,0
BRDA:187,32,1,0
BRDA:188,33,0,0
BRDA:188,33,1,0
BRDA:189,34,0,0
BRDA:189,34,1,0
BRDA:196,35,0,0
BRDA:196,35,1,0
BRDA:196,36,0,0
BRDA:196,36,1,0
BRDA:196,37,0,0
BRDA:196,37,1,0
BRDA:198,38,0,0
BRDA:198,38,1,0
BRDA:198,39,0,0
BRDA:198,39,1,0
BRDA:198,40,0,0
BRDA:198,40,1,0
BRDA:200,41,0,0
BRDA:200,41,1,0
BRDA:224,42,0,0
BRDA:224,43,0,0
BRDA:224,43,1,0
BRDA:232,44,0,0
BRDA:256,45,0,0
BRDA:256,45,1,0
BRDA:256,46,0,0
BRDA:256,46,1,0
BRDA:256,47,0,0
BRDA:256,47,1,0
BRDA:256,48,0,0
BRDA:256,48,1,0
BRDA:261,49,0,0
BRDA:261,50,0,0
BRDA:261,50,1,0
BRDA:261,51,0,0
BRDA:261,51,1,0
BRDA:272,52,0,0
BRDA:272,52,1,0
BRDA:274,53,0,0
BRDA:274,53,1,0
BRDA:275,54,0,0
BRDA:275,54,1,0
BRDA:276,55,0,0
BRDA:276,55,1,0
BRDA:281,56,0,0
BRDA:281,56,1,0
BRDA:282,57,0,0
BRDA:282,57,1,0
BRDA:283,58,0,0
BRDA:283,58,1,0
BRDA:284,59,0,0
BRDA:284,59,1,0
BRDA:291,60,0,0
BRDA:291,60,1,0
BRDA:291,61,0,0
BRDA:291,61,1,0
BRDA:291,62,0,0
BRDA:291,62,1,0
BRDA:293,63,0,0
BRDA:293,63,1,0
BRDA:293,64,0,0
BRDA:293,64,1,0
BRDA:293,65,0,0
BRDA:293,65,1,0
BRDA:295,66,0,0
BRDA:295,66,1,0
BRDA:323,67,0,0
BRDA:331,68,0,0
BRDA:349,69,0,0
BRDA:349,69,1,0
BRDA:349,70,0,0
BRDA:349,70,1,0
BRDA:349,71,0,0
BRDA:349,71,1,0
BRDA:349,72,0,0
BRDA:349,72,1,0
BRDA:353,73,0,0
BRDA:365,74,0,0
BRDA:365,75,0,0
BRDA:365,75,1,0
BRDA:365,76,0,0
BRDA:365,76,1,0
BRDA:376,77,0,0
BRDA:376,77,1,0
BRDA:378,78,0,0
BRDA:378,78,1,0
BRDA:379,79,0,0
BRDA:379,79,1,0
BRDA:380,80,0,0
BRDA:380,80,1,0
BRDA:385,81,0,0
BRDA:385,81,1,0
BRDA:386,82,0,0
BRDA:386,82,1,0
BRDA:387,83,0,0
BRDA:387,83,1,0
BRDA:388,84,0,0
BRDA:388,84,1,0
BRDA:395,85,0,0
BRDA:395,85,1,0
BRDA:395,86,0,0
BRDA:395,86,1,0
BRDA:395,87,0,0
BRDA:395,87,1,0
BRDA:397,88,0,0
BRDA:397,88,1,0
BRDA:397,89,0,0
BRDA:397,89,1,0
BRDA:397,90,0,0
BRDA:397,90,1,0
BRDA:399,91,0,0
BRDA:399,91,1,0
BRF:171
BRH:0
end_of_record
TN:
SF:src/controllers/productController.ts
FN:7,(anonymous_8)
FN:7,(anonymous_9)
FN:28,(anonymous_10)
FN:31,(anonymous_11)
FN:34,(anonymous_12)
FN:49,(anonymous_13)
FN:49,(anonymous_14)
FN:67,(anonymous_15)
FN:67,(anonymous_16)
FN:108,(anonymous_17)
FN:108,(anonymous_18)
FN:145,(anonymous_19)
FN:145,(anonymous_20)
FNF:13
FNH:4
FNDA:2,(anonymous_8)
FNDA:2,(anonymous_9)
FNDA:0,(anonymous_10)
FNDA:0,(anonymous_11)
FNDA:0,(anonymous_12)
FNDA:2,(anonymous_13)
FNDA:2,(anonymous_14)
FNDA:0,(anonymous_15)
FNDA:0,(anonymous_16)
FNDA:0,(anonymous_17)
FNDA:0,(anonymous_18)
FNDA:0,(anonymous_19)
FNDA:0,(anonymous_20)
DA:2,1
DA:7,2
DA:8,2
DA:9,2
DA:11,2
DA:14,2
DA:15,1
DA:19,2
DA:20,0
DA:23,2
DA:25,2
DA:26,0
DA:28,0
DA:29,0
DA:31,0
DA:32,0
DA:34,0
DA:35,0
DA:39,2
DA:41,0
DA:42,0
DA:49,2
DA:50,2
DA:51,2
DA:53,2
DA:54,1
DA:56,1
DA:59,0
DA:60,0
DA:67,1
DA:68,0
DA:78,0
DA:80,0
DA:82,0
DA:83,0
DA:84,0
DA:87,0
DA:98,0
DA:100,0
DA:101,0
DA:108,1
DA:109,0
DA:118,0
DA:120,0
DA:122,0
DA:123,0
DA:124,0
DA:125,0
DA:126,0
DA:127,0
DA:128,0
DA:129,0
DA:131,0
DA:132,0
DA:134,0
DA:137,0
DA:138,0
DA:145,1
DA:146,0
DA:147,0
DA:149,0
DA:150,0
DA:151,0
DA:153,0
DA:156,0
DA:157,0
LF:66
LH:20
BRDA:14,0,0,1
BRDA:14,1,0,2
BRDA:14,1,1,1
BRDA:14,1,2,0
BRDA:19,2,0,0
BRDA:19,3,0,2
BRDA:19,3,1,0
BRDA:25,4,0,0
BRDA:26,5,0,0
BRDA:26,5,1,0
BRDA:26,5,2,0
BRDA:53,6,0,1
BRDA:53,6,1,1
BRDA:82,7,0,0
BRDA:122,8,0,0
BRDA:122,8,1,0
BRDA:123,9,0,0
BRDA:123,9,1,0
BRDA:124,10,0,0
BRDA:124,10,1,0
BRDA:125,11,0,0
BRDA:125,11,1,0
BRDA:126,12,0,0
BRDA:126,12,1,0
BRDA:127,13,0,0
BRDA:127,13,1,0
BRDA:128,14,0,0
BRDA:128,14,1,0
BRDA:129,15,0,0
BRDA:129,15,1,0
BRDA:149,16,0,0
BRDA:149,16,1,0
BRF:32
BRH:6
end_of_record
TN:
SF:src/controllers/userController.ts
FN:7,(anonymous_8)
FN:16,(anonymous_9)
FN:16,(anonymous_10)
FN:62,(anonymous_11)
FN:62,(anonymous_12)
FN:96,(anonymous_13)
FN:96,(anonymous_14)
FN:130,(anonymous_15)
FN:130,(anonymous_16)
FN:179,(anonymous_17)
FN:179,(anonymous_18)
FN:204,(anonymous_19)
FN:204,(anonymous_20)
FN:250,(anonymous_21)
FN:250,(anonymous_22)
FN:311,(anonymous_23)
FN:311,(anonymous_24)
FN:350,(anonymous_25)
FN:350,(anonymous_26)
FNF:19
FNH:0
FNDA:0,(anonymous_8)
FNDA:0,(anonymous_9)
FNDA:0,(anonymous_10)
FNDA:0,(anonymous_11)
FNDA:0,(anonymous_12)
FNDA:0,(anonymous_13)
FNDA:0,(anonymous_14)
FNDA:0,(anonymous_15)
FNDA:0,(anonymous_16)
FNDA:0,(anonymous_17)
FNDA:0,(anonymous_18)
FNDA:0,(anonymous_19)
FNDA:0,(anonymous_20)
FNDA:0,(anonymous_21)
FNDA:0,(anonymous_22)
FNDA:0,(anonymous_23)
FNDA:0,(anonymous_24)
FNDA:0,(anonymous_25)
FNDA:0,(anonymous_26)
DA:2,0
DA:3,0
DA:4,0
DA:7,0
DA:8,0
DA:16,0
DA:17,0
DA:19,0
DA:21,0
DA:23,0
DA:24,0
DA:25,0
DA:29,0
DA:36,0
DA:37,0
DA:38,0
DA:51,0
DA:54,0
DA:55,0
DA:62,0
DA:63,0
DA:65,0
DA:67,0
DA:70,0
DA:71,0
DA:72,0
DA:85,0
DA:88,0
DA:89,0
DA:96,0
DA:97,0
DA:98,0
DA:99,0
DA:100,0
DA:103,0
DA:105,0
DA:106,0
DA:107,0
DA:119,0
DA:122,0
DA:123,0
DA:130,0
DA:131,0
DA:132,0
DA:133,0
DA:134,0
DA:137,0
DA:139,0
DA:140,0
DA:141,0
DA:142,0
DA:143,0
DA:144,0
DA:145,0
DA:146,0
DA:148,0
DA:149,0
DA:152,0
DA:153,0
DA:155,0
DA:168,0
DA:171,0
DA:172,0
DA:179,0
DA:180,0
DA:181,0
DA:182,0
DA:183,0
DA:186,0
DA:188,0
DA:189,0
DA:190,0
DA:193,0
DA:194,0
DA:196,0
DA:197,0
DA:204,0
DA:205,0
DA:207,0
DA:209,0
DA:210,0
DA:211,0
DA:214,0
DA:217,0
DA:224,0
DA:225,0
DA:226,0
DA:239,0
DA:242,0
DA:243,0
DA:250,0
DA:251,0
DA:253,0
DA:254,0
DA:255,0
DA:258,0
DA:260,0
DA:261,0
DA:262,0
DA:266,0
DA:267,0
DA:268,0
DA:272,0
DA:274,0
DA:275,0
DA:276,0
DA:280,0
DA:281,0
DA:282,0
DA:286,0
DA:289,0
DA:291,0
DA:303,0
DA:304,0
DA:311,0
DA:312,0
DA:314,0
DA:315,0
DA:316,0
DA:319,0
DA:321,0
DA:322,0
DA:323,0
DA:327,0
DA:328,0
DA:329,0
DA:333,0
DA:335,0
DA:336,0
DA:337,0
DA:340,0
DA:342,0
DA:343,0
DA:350,0
DA:351,0
DA:353,0
DA:354,0
DA:355,0
DA:358,0
DA:360,0
DA:361,0
DA:362,0
DA:366,0
DA:367,0
DA:368,0
DA:372,0
DA:374,0
DA:375,0
DA:376,0
DA:380,0
DA:381,0
DA:382,0
DA:383,0
DA:384,0
DA:385,0
DA:386,0
DA:387,0
DA:389,0
DA:390,0
DA:394,0
DA:396,0
DA:408,0
DA:409,0
LF:163
LH:0
BRDA:8,0,0,0
BRDA:8,0,1,0
BRDA:23,1,0,0
BRDA:33,2,0,0
BRDA:33,2,1,0
BRDA:36,3,0,0
BRDA:36,3,1,0
BRDA:70,4,0,0
BRDA:70,4,1,0
BRDA:70,5,0,0
BRDA:70,5,1,0
BRDA:98,6,0,0
BRDA:105,7,0,0
BRDA:105,7,1,0
BRDA:132,8,0,0
BRDA:139,9,0,0
BRDA:139,9,1,0
BRDA:140,10,0,0
BRDA:140,10,1,0
BRDA:141,11,0,0
BRDA:141,11,1,0
BRDA:142,12,0,0
BRDA:142,12,1,0
BRDA:143,13,0,0
BRDA:143,13,1,0
BRDA:144,14,0,0
BRDA:144,14,1,0
BRDA:145,15,0,0
BRDA:145,15,1,0
BRDA:146,16,0,0
BRDA:146,16,1,0
BRDA:148,17,0,0
BRDA:181,18,0,0
BRDA:188,19,0,0
BRDA:188,20,0,0
BRDA:188,20,1,0
BRDA:188,21,0,0
BRDA:188,21,1,0
BRDA:209,22,0,0
BRDA:224,23,0,0
BRDA:224,23,1,0
BRDA:253,24,0,0
BRDA:260,25,0,0
BRDA:260,26,0,0
BRDA:260,26,1,0
BRDA:260,27,0,0
BRDA:260,27,1,0
BRDA:266,28,0,0
BRDA:274,29,0,0
BRDA:280,30,0,0
BRDA:314,31,0,0
BRDA:321,32,0,0
BRDA:321,33,0,0
BRDA:321,33,1,0
BRDA:321,34,0,0
BRDA:321,34,1,0
BRDA:327,35,0,0
BRDA:335,36,0,0
BRDA:353,37,0,0
BRDA:360,38,0,0
BRDA:360,39,0,0
BRDA:360,39,1,0
BRDA:360,40,0,0
BRDA:360,40,1,0
BRDA:366,41,0,0
BRDA:374,42,0,0
BRDA:380,43,0,0
BRDA:380,43,1,0
BRDA:381,44,0,0
BRDA:381,44,1,0
BRDA:382,45,0,0
BRDA:382,45,1,0
BRDA:383,46,0,0
BRDA:383,46,1,0
BRDA:384,47,0,0
BRDA:384,47,1,0
BRDA:385,48,0,0
BRDA:385,48,1,0
BRDA:386,49,0,0
BRDA:386,49,1,0
BRDA:387,50,0,0
BRDA:387,50,1,0
BRDA:389,51,0,0
BRF:83
BRH:0
end_of_record
TN:
SF:src/middleware/authMiddleware.ts
FN:18,(anonymous_8)
FN:18,(anonymous_9)
FN:48,(anonymous_10)
FNF:3
FNH:0
FNDA:0,(anonymous_8)
FNDA:0,(anonymous_9)
FNDA:0,(anonymous_10)
DA:2,1
DA:3,1
DA:18,1
DA:21,0
DA:22,0
DA:24,0
DA:27,0
DA:30,0
DA:32,0
DA:33,0
DA:35,0
DA:36,0
DA:37,0
DA:41,0
DA:42,0
DA:43,0
DA:48,1
DA:49,0
DA:50,0
DA:52,0
LF:20
LH:4
BRDA:21,0,0,0
BRDA:21,1,0,0
BRDA:21,1,1,0
BRDA:41,2,0,0
BRDA:49,3,0,0
BRDA:49,3,1,0
BRDA:49,4,0,0
BRDA:49,4,1,0
BRF:8
BRH:0
end_of_record
TN:
SF:src/middleware/monitoringMiddleware.ts
FN:27,(anonymous_0)
FN:38,(anonymous_1)
FN:49,(anonymous_2)
FN:73,(anonymous_3)
FNF:4
FNH:0
FNDA:0,(anonymous_0)
FNDA:0,(anonymous_1)
FNDA:0,(anonymous_2)
FNDA:0,(anonymous_3)
DA:2,0
DA:16,0
DA:27,0
DA:28,0
DA:29,0
DA:30,0
DA:31,0
DA:32,0
DA:33,0
DA:34,0
DA:38,0
DA:39,0
DA:49,0
DA:50,0
DA:51,0
DA:54,0
DA:57,0
DA:58,0
DA:60,0
DA:63,0
DA:72,0
DA:73,0
DA:74,0
DA:75,0
DA:78,0
DA:81,0
DA:82,0
DA:84,0
DA:87,0
DA:88,0
DA:89,0
DA:91,0
DA:94,0
DA:104,0
DA:113,0
DA:116,0
LF:36
LH:0
BRDA:42,0,0,0
BRDA:42,0,1,0
BRDA:57,1,0,0
BRDA:81,2,0,0
BRDA:81,2,1,0
BRDA:81,3,0,0
BRDA:81,3,1,0
BRDA:88,4,0,0
BRDA:109,5,0,0
BRDA:109,5,1,0
BRDA:109,6,0,0
BRDA:109,6,1,0
BRDA:109,7,0,0
BRDA:109,7,1,0
BRF:14
BRH:0
end_of_record
TN:
SF:src/models/Order.ts
FNF:0
FNH:0
DA:1,0
DA:43,0
DA:122,0
DA:124,0
LF:4
LH:0
BRF:0
BRH:0
end_of_record
TN:
SF:src/models/Product.ts
FNF:0
FNH:0
DA:2,0
DA:5,0
DA:41,0
LF:3
LH:0
BRF:0
BRH:0
end_of_record
TN:
SF:src/models/User.ts
FN:66,(anonymous_8)
FN:76,(anonymous_10)
FNF:2
FNH:0
FNDA:0,(anonymous_8)
FNDA:0,(anonymous_10)
DA:1,1
DA:2,1
DA:18,1
DA:66,1
DA:67,0
DA:68,0
DA:71,0
DA:72,0
DA:76,1
DA:77,0
DA:80,1
DA:82,1
LF:12
LH:7
BRDA:67,0,0,0
BRF:1
BRH:0
end_of_record
TN:
SF:src/routes/healthRoutes.ts
FN:9,(anonymous_8)
FN:14,(anonymous_9)
FN:14,(anonymous_10)
FNF:3
FNH:0
FNDA:0,(anonymous_8)
FNDA:0,(anonymous_9)
FNDA:0,(anonymous_10)
DA:1,0
DA:2,0
DA:3,0
DA:4,0
DA:6,0
DA:9,0
DA:10,0
DA:14,0
DA:15,0
DA:17,0
DA:20,0
DA:23,0
DA:30,0
DA:36,0
DA:48,0
DA:49,0
DA:56,0
LF:17
LH:0
BRDA:17,0,0,0
BRDA:17,0,1,0
BRF:2
BRH:0
end_of_record
TN:
SF:src/routes/orderRoutes.ts
FNF:0
FNH:0
DA:1,0
DA:2,0
DA:10,0
DA:12,0
DA:18,0
DA:22,0
DA:25,0
DA:28,0
DA:31,0
DA:34,0
LF:10
LH:0
BRF:0
BRH:0
end_of_record
TN:
SF:src/routes/paymentRoutes.ts
FNF:0
FNH:0
DA:1,0
DA:2,0
DA:8,0
DA:10,0
DA:14,0
DA:17,0
DA:20,0
DA:23,0
DA:25,0
DA:28,0
LF:10
LH:0
BRDA:23,0,0,0
BRF:1
BRH:0
end_of_record
TN:
SF:src/routes/productRoutes.ts
FNF:0
FNH:0
DA:1,1
DA:2,1
DA:9,1
DA:11,1
DA:14,1
DA:15,1
DA:18,1
DA:19,1
DA:20,1
DA:22,1
LF:10
LH:10
BRF:0
BRH:0
end_of_record
TN:
SF:src/routes/userRoutes.ts
FNF:0
FNH:0
DA:1,0
DA:2,0
DA:13,0
DA:15,0
DA:18,0
DA:19,0
DA:20,0
DA:23,0
DA:28,0
DA:32,0
DA:37,0
LF:11
LH:0
BRF:0
BRH:0
end_of_record
TN:
SF:src/types/custom.d.ts
FNF:0
FNH:0
LF:0
LH:0
BRF:0
BRH:0
end_of_record
TN:
SF:src/types/global.d.ts
FNF:0
FNH:0
LF:0
LH:0
BRF:0
BRH:0
end_of_record
TN:
SF:src/utils/logger.ts
FN:32,(anonymous_2)
FN:73,(anonymous_3)
FNF:2
FNH:0
FNDA:0,(anonymous_2)
FNDA:0,(anonymous_3)
DA:1,0
DA:2,0
DA:3,0
DA:6,0
DA:9,0
DA:19,0
DA:29,0
DA:32,0
DA:33,0
DA:40,0
DA:46,0
DA:72,0
DA:74,0
DA:78,0
LF:14
LH:0
BRDA:34,0,0,0
BRDA:34,0,1,0
BRDA:47,1,0,0
BRDA:47,1,1,0
BRF:4
BRH:0
end_of_record
